<?xml version="1.0" encoding="UTF-8"?>
<Site BuildName="(empty)"
	BuildStamp="20250907-1521-20240916-0859"
	Name="(empty)"
	Generator="ctest-3.31.6-msvc6"
	CompilerName=""
	CompilerVersion=""
	OSName="Windows"
	Hostname="DESKTOP-KMBC48F"
	OSRelease=" Professional"
	OSVersion=" (Build 26100)"
	OSPlatform="AMD64"
	Is64Bits="1"
	VendorString="AuthenticAMD"
	VendorID="Advanced Micro Devices"
	FamilyID="15"
	ModelID="4"
	ModelName="AMD Ryzen 9 9900X 12-Core Processor            "
	ProcessorCacheSize="80"
	NumberOfLogicalCPU="24"
	NumberOfPhysicalCPU="12"
	TotalVirtualMemory="72349"
	TotalPhysicalMemory="63133"
	LogicalProcessorsPerPhysical="2"
	ProcessorClockFrequency="4399"
	>
	<Testing>
		<StartDateTime>Sep 07 23:48 Malay Peninsula Standard Time</StartDateTime>
		<StartTestTime>1757260096</StartTestTime>
		<TestList/>
		<EndDateTime>Sep 07 23:48 Malay Peninsula Standard Time</EndDateTime>
		<EndTestTime>1757260096</EndTestTime>
		<ElapsedMinutes>0</ElapsedMinutes>
	</Testing>
</Site>
