<?xml version="1.0" encoding="UTF-8"?>
<Site BuildName="(empty)"
	BuildStamp="20240929-1617-20240916-0859"
	Name="(empty)"
	Generator="ctest-3.27.2-msvc1"
	CompilerName=""
	CompilerVersion=""
	OSName="Windows"
	Hostname="tendra"
	OSRelease=" Personal"
	OSVersion=" (Build 22631)"
	OSPlatform="AMD64"
	Is64Bits="1"
	VendorString="GenuineIntel"
	VendorID="Intel Corporation"
	FamilyID="6"
	ModelID="10"
	ProcessorCacheSize="-1"
	NumberOfLogicalCPU="12"
	NumberOfPhysicalCPU="10"
	TotalVirtualMemory="37304"
	TotalPhysicalMemory="32440"
	LogicalProcessorsPerPhysical="1"
	ProcessorClockFrequency="2493"
	>
	<Testing>
		<StartDateTime>Sep 30 00:17 Malay Peninsula Standard Time</StartDateTime>
		<StartTestTime>1727626630</StartTestTime>
		<TestList/>
		<EndDateTime>Sep 30 00:17 Malay Peninsula Standard Time</EndDateTime>
		<EndTestTime>1727626630</EndTestTime>
		<ElapsedMinutes>0</ElapsedMinutes>
	</Testing>
</Site>
